<?xml version="1.0" encoding="UTF-8"?>
<testng-results skipped="0" failed="0" total="1" passed="1">
  <reporter-output>
  </reporter-output>
  <suite name="Suite" duration-ms="6053" started-at="2017-05-22T10:41:25Z" finished-at="2017-05-22T10:41:31Z">
    <groups>
    </groups>
    <test name="Test" duration-ms="6053" started-at="2017-05-22T10:41:25Z" finished-at="2017-05-22T10:41:31Z">
      <class name="SeleniumLogin">
        <test-method status="PASS" signature="beforeTest()[pri:0, instance:SeleniumLogin@42d3bd8b]" name="beforeTest" is-config="true" duration-ms="1218" started-at="2017-05-22T16:11:25Z" finished-at="2017-05-22T16:11:26Z">
          <reporter-output>
          </reporter-output>
        </test-method> <!-- beforeTest -->
        <test-method status="PASS" signature="testEasy()[pri:0, instance:SeleniumLogin@42d3bd8b]" name="testEasy" duration-ms="3810" started-at="2017-05-22T16:11:27Z" finished-at="2017-05-22T16:11:30Z">
          <reporter-output>
          </reporter-output>
        </test-method> <!-- testEasy -->
        <test-method status="PASS" signature="afterTest()[pri:0, instance:SeleniumLogin@42d3bd8b]" name="afterTest" is-config="true" duration-ms="1009" started-at="2017-05-22T16:11:30Z" finished-at="2017-05-22T16:11:31Z">
          <reporter-output>
          </reporter-output>
        </test-method> <!-- afterTest -->
      </class> <!-- SeleniumLogin -->
    </test> <!-- Test -->
  </suite> <!-- Suite -->
</testng-results>
