<?xml version="1.0" encoding="UTF-8"?>
<testng-results skipped="0" failed="0" total="1" passed="1">
  <reporter-output>
  </reporter-output>
  <suite name="Suite" duration-ms="6746" started-at="2017-05-22T08:26:36Z" finished-at="2017-05-22T08:26:43Z">
    <groups>
    </groups>
    <test name="Test" duration-ms="6746" started-at="2017-05-22T08:26:36Z" finished-at="2017-05-22T08:26:43Z">
      <class name="SeleniumLogin">
        <test-method status="PASS" signature="beforeTest()[pri:0, instance:SeleniumLogin@42d3bd8b]" name="beforeTest" is-config="true" duration-ms="1105" started-at="2017-05-22T13:56:36Z" finished-at="2017-05-22T13:56:38Z">
          <reporter-output>
          </reporter-output>
        </test-method> <!-- beforeTest -->
        <test-method status="PASS" signature="testEasy()[pri:0, instance:SeleniumLogin@42d3bd8b]" name="testEasy" duration-ms="4337" started-at="2017-05-22T13:56:38Z" finished-at="2017-05-22T13:56:42Z">
          <reporter-output>
          </reporter-output>
        </test-method> <!-- testEasy -->
        <test-method status="PASS" signature="afterTest()[pri:0, instance:SeleniumLogin@42d3bd8b]" name="afterTest" is-config="true" duration-ms="1293" started-at="2017-05-22T13:56:42Z" finished-at="2017-05-22T13:56:43Z">
          <reporter-output>
          </reporter-output>
        </test-method> <!-- afterTest -->
      </class> <!-- SeleniumLogin -->
    </test> <!-- Test -->
  </suite> <!-- Suite -->
</testng-results>
